<?xml version="1.0" encoding="UTF-8"?>
<!-- Generated by org.testng.reporters.JUnitReportReporter -->
<testsuite hostname="DESKTOP-AELALK6" failures="0" tests="4" name="testcases.LoginTest" time="129.406" errors="0" timestamp="2023-03-12T20:44:30 IST" skipped="0">
  <testcase classname="testcases.LoginTest" name="paramTest" time="29.199"/>
  <system-out/>
  <testcase classname="testcases.LoginTest" name="excelTestData" time="31.444"/>
  <system-out/>
  <testcase classname="testcases.LoginTest" name="LogiFailureTest" time="38.018"/>
  <system-out/>
  <testcase classname="testcases.LoginTest" name="LoginSuccessTest" time="30.745"/>
  <system-out/>
</testsuite> <!-- testcases.LoginTest -->
